Update Managed Component C1 From CMP-2000-06011-1[1u] To CMP-2000-06011-1[C1206C105K5RACTU] in M1 Design.SchDoc
Update Managed Component C2 From CMP-2000-06011-1[1u] To CMP-2000-06011-1[C1206C105K5RACTU] in M1 Design.SchDoc
Update Managed Component C3 From CMP-2000-06011-1[1u] To CMP-2000-06011-1[C1206C105K5RACTU] in M1 Design.SchDoc
Update Managed Component C4 From CMP-2000-06011-1[1u] To CMP-2000-06011-1[C1206C105K5RACTU] in M1 Design.SchDoc
Update Managed Component C5 From CMP-2100-03594-1[100p] To CMP-2100-03594-1[CC0603JRNPO9BN101] in M1 Design.SchDoc
Update Managed Component C6 From CMP-2008-04345-2[390p] To CMP-2008-04345-2[GRM1555C1H391JA01D] in M1 Design.SchDoc
Update Managed Component C7 From CMP-2008-04345-2[390p] To CMP-2008-04345-2[GRM1555C1H391JA01D] in M1 Design.SchDoc
Update Managed Component C8 From CMP-2000-06011-1[1u] To CMP-2000-06011-1[C1206C105K5RACTU] in M1 Design.SchDoc
Update Managed Component C9 From CMP-2100-03594-1[100p] To CMP-2100-03594-1[CC0603JRNPO9BN101] in M1 Design.SchDoc
Update Managed Component C10 From CMP-2100-03594-1[100p] To CMP-2100-03594-1[CC0603JRNPO9BN101] in M1 Design.SchDoc
Update Managed Component C11 From CMP-2000-06332-1[0.01u] To CMP-2000-06332-1[GRM155R71C103KA01D] in M1 Design.SchDoc
Update Managed Component C12 From CMP-2000-06332-1[0.01u] To CMP-2000-06332-1[GRM155R71C103KA01D] in M1 Design.SchDoc
Update Managed Component C13 From CMP-13271-001069-1[0.1u] To CMP-13271-001069-1[CL05B104KP5NNNC] in M1 Design.SchDoc
Update Managed Component C14 From CMP-13271-001069-1[0.1u] To CMP-13271-001069-1[CL05B104KP5NNNC] in M1 Design.SchDoc
Update Managed Component C15 From CMP-2000-06332-1[0.01u] To CMP-2000-06332-1[GRM155R71C103KA01D] in M1 Design.SchDoc
Update Managed Component C16 From CMP-2000-06332-1[0.01u] To CMP-2000-06332-1[GRM155R71C103KA01D] in M1 Design.SchDoc
Update Managed Component C17 From CMP-2000-06011-1[1u] To CMP-2000-06011-1[C1206C105K5RACTU] in M1 Design.SchDoc
Update Managed Component C18 From CMP-2100-03594-1[100p] To CMP-2100-03594-1[CC0603JRNPO9BN101] in M1 Design.SchDoc
Update Managed Component C19 From CMP-2000-06332-1[0.01u] To CMP-2000-06332-1[GRM155R71C103KA01D] in M1 Design.SchDoc
Update Managed Component C20 From CMP-2000-06332-1[0.01u] To CMP-2000-06332-1[GRM155R71C103KA01D] in M1 Design.SchDoc
Update Managed Component C21 From CMP-2100-03594-1[100p] To CMP-2100-03594-1[CC0603JRNPO9BN101] in M1 Design.SchDoc
Update Managed Component C22 From CMP-2000-06332-1[0.01u] To CMP-2000-06332-1[GRM155R71C103KA01D] in M1 Design.SchDoc
Update Managed Component C23 From CMP-2000-06332-1[0.01u] To CMP-2000-06332-1[GRM155R71C103KA01D] in M1 Design.SchDoc
Update Managed Component C24 From CMP-2000-06332-1[0.01u] To CMP-2000-06332-1[GRM155R71C103KA01D] in M1 Design.SchDoc
Update Managed Component C25 From CMP-2000-06332-1[0.01u] To CMP-2000-06332-1[GRM155R71C103KA01D] in M1 Design.SchDoc
Update Managed Component D1 From CMP-1667-00006-2[BAT54S-7-F] To CMP-1667-00006-2[BAT54S-7-F] in M1 Design.SchDoc
Replace Part J1 PPTC041LFBN-RC in C:\ECE295\M1\M1 Design\M1 Design.SchDoc with PPTC041LFBN-RC from PPTC041LFBN-RC.IntLib
Replace Part J2 PPTC041LFBN-RC in C:\ECE295\M1\M1 Design\M1 Design.SchDoc with PPTC041LFBN-RC from PPTC041LFBN-RC.IntLib
Replace Part J3 PPTC041LFBN-RC in C:\ECE295\M1\M1 Design\M1 Design.SchDoc with PPTC041LFBN-RC from PPTC041LFBN-RC.IntLib
Update Managed Component L1 From CMP-06042-013572-1[2u] To CMP-06042-013572-1[LQW15CA2R0K00D] in M1 Design.SchDoc
Update Managed Component L2 From CMP-06042-006025-1[500n] To CMP-06042-006025-1[LQW15CAR50J00D] in M1 Design.SchDoc
Update Managed Component L3 From CMP-06042-006025-1[500n] To CMP-06042-006025-1[LQW15CAR50J00D] in M1 Design.SchDoc
Update Managed Component L4 From CMP-06042-005178-1[390n] To CMP-06042-005178-1[LQW18ANR39J00D] in M1 Design.SchDoc
Update Managed Component L5 From CMP-06042-005178-1[390n] To CMP-06042-005178-1[LQW18ANR39J00D] in M1 Design.SchDoc
Update Managed Component Q1 From CMP-00572-88252381-1[HFA3101BZ] To CMP-00572-88252381-1[HFA3101BZ] in M1 Design.SchDoc
Update Managed Component Q2 From CMP-00572-88252381-1[HFA3101BZ] To CMP-00572-88252381-1[HFA3101BZ] in M1 Design.SchDoc
Update Managed Component R1 From CMP-2002-05884-2[3.3k] To CMP-2002-05884-2[ERA-2AEB332X] in M1 Design.SchDoc
Update Managed Component R2 From CMP-2002-05884-2[3.3k] To CMP-2002-05884-2[ERA-2AEB332X] in M1 Design.SchDoc
Update Managed Component R3 From CMP-1011-00035-2[24] To CMP-1011-00035-2[RC0402JR-0724RL] in M1 Design.SchDoc
Update Managed Component R4 From CMP-2002-07914-1[100] To CMP-2002-07914-1[RC0402JR-07100RL] in M1 Design.SchDoc
Update Managed Component R5 From CMP-2002-07914-1[100] To CMP-2002-07914-1[RC0402JR-07100RL] in M1 Design.SchDoc
Update Managed Component R6 From CMP-2002-05825-1[75k] To CMP-2002-05825-1[ERA-2AEB753X] in M1 Design.SchDoc
Update Managed Component R7 From CMP-2002-05825-1[75k] To CMP-2002-05825-1[ERA-2AEB753X] in M1 Design.SchDoc
Update Managed Component R8 From CMP-33361-000037-1[50] To CMP-33361-000037-1[ALN2512F50R0E-1] in M1 Design.SchDoc
Update Managed Component R9 From CMP-33361-000037-1[50] To CMP-33361-000037-1[ALN2512F50R0E-1] in M1 Design.SchDoc
Update Managed Component R10 From CMP-2002-07941-1[1k] To CMP-2002-07941-1[RC0402JR-071KL] in M1 Design.SchDoc
Update Managed Component R11 From CMP-2002-07941-1[1k] To CMP-2002-07941-1[RC0402JR-071KL] in M1 Design.SchDoc
Update Managed Component R12 From CMP-2000-00580-1[5.9k] To CMP-2000-00580-1[ERJ-3EKF5901V] in M1 Design.SchDoc
Update Managed Component R13 From CMP-2000-00580-1[5.9k] To CMP-2000-00580-1[ERJ-3EKF5901V] in M1 Design.SchDoc
Update Managed Component R14 From CMP-2002-07353-1[10k] To CMP-2002-07353-1[RC0402FR-0710KL] in M1 Design.SchDoc
Update Managed Component R15 From CMP-2002-07353-1[10k] To CMP-2002-07353-1[RC0402FR-0710KL] in M1 Design.SchDoc
Update Managed Component R16 From CMP-2002-07353-1[10k] To CMP-2002-07353-1[RC0402FR-0710KL] in M1 Design.SchDoc
Update Managed Component R17 From CMP-2002-07353-1[10k] To CMP-2002-07353-1[RC0402FR-0710KL] in M1 Design.SchDoc
Update Managed Component R18 From CMP-2002-08019-1[51] To CMP-2002-08019-1[RC0402JR-0751RL] in M1 Design.SchDoc
Update Managed Component R19 From CMP-2002-08019-1[51] To CMP-2002-08019-1[RC0402JR-0751RL] in M1 Design.SchDoc
Update Managed Component R20 From CMP-2002-05790-1[2k] To CMP-2002-05790-1[ERA-2AEB202X] in M1 Design.SchDoc
Update Managed Component R21 From CMP-2002-05790-1[2k] To CMP-2002-05790-1[ERA-2AEB202X] in M1 Design.SchDoc
Update Managed Component R22 From CMP-2000-00580-1[5.9k] To CMP-2000-00580-1[ERJ-3EKF5901V] in M1 Design.SchDoc
Update Managed Component R23 From CMP-2000-00580-1[5.9k] To CMP-2000-00580-1[ERJ-3EKF5901V] in M1 Design.SchDoc
Update Managed Component R24 From CMP-2002-00438-1[110] To CMP-2002-00438-1[ERJ-2GEJ111X] in M1 Design.SchDoc
Update Managed Component R25 From CMP-2002-00438-1[110] To CMP-2002-00438-1[ERJ-2GEJ111X] in M1 Design.SchDoc
Update Managed Component R26 From CMP-2002-07353-1[10k] To CMP-2002-07353-1[RC0402FR-0710KL] in M1 Design.SchDoc
Update Managed Component R27 From CMP-2002-07353-1[10k] To CMP-2002-07353-1[RC0402FR-0710KL] in M1 Design.SchDoc
Update Managed Component R28 From CMP-2002-07353-1[10k] To CMP-2002-07353-1[RC0402FR-0710KL] in M1 Design.SchDoc
Update Managed Component R29 From CMP-2002-07353-1[10k] To CMP-2002-07353-1[RC0402FR-0710KL] in M1 Design.SchDoc
Update Managed Component R30 From CMP-2000-06958-1[300] To CMP-2000-06958-1[RC0603JR-07330RL] in M1 Design.SchDoc
Update Managed Component R31 From CMP-2000-06958-1[300] To CMP-2000-06958-1[RC0603JR-07330RL] in M1 Design.SchDoc
Update Managed Component R32 From CMP-2002-07959-1[220] To CMP-2002-07959-1[RC0402JR-07220RL] in M1 Design.SchDoc
Update Managed Component R33 From CMP-2002-08019-1[51] To CMP-2002-08019-1[RC0402JR-0751RL] in M1 Design.SchDoc
Update Managed Component R34 From CMP-2002-07959-1[220] To CMP-2002-07959-1[RC0402JR-07220RL] in M1 Design.SchDoc
Update Managed Component R35 From CMP-2002-08019-1[51] To CMP-2002-08019-1[RC0402JR-0751RL] in M1 Design.SchDoc
Update Managed Component R36 From CMP-1011-00036-2[27] To CMP-1011-00036-2[RC0402JR-0727RL] in M1 Design.SchDoc
Update Managed Component R37 From CMP-1011-00036-2[27] To CMP-1011-00036-2[RC0402JR-0727RL] in M1 Design.SchDoc
Update Managed Component U1 From CMP-0055-00162-3[LM741CN/NOPB] To CMP-0055-00162-3[LM741CN/NOPB] in M1 Design.SchDoc
Update Managed Component U2 From CMP-0055-00162-3[LM741CN/NOPB] To CMP-0055-00162-3[LM741CN/NOPB] in M1 Design.SchDoc
Update Managed Component U3 From CMP-0055-00162-3[LM741CN/NOPB] To CMP-0055-00162-3[LM741CN/NOPB] in M1 Design.SchDoc
Update Managed Component U4 From CMP-0055-00162-3[LM741CN/NOPB] To CMP-0055-00162-3[LM741CN/NOPB] in M1 Design.SchDoc
Update Managed Component U5 From CMP-04910-000007-2[TPS22810TDBVRQ1] To CMP-04910-000007-2[TPS22810TDBVRQ1] in M1 Design.SchDoc
