Removed Pin From Net: NetName=5V0 Pin=R24-1
Removed Pin From Net: NetName=IF_0_2 Pin=R24-2
Removed Pin From Net: NetName=5V0 Pin=R28-1
Removed Pin From Net: NetName=IF_0_1 Pin=R28-2
Removed Pin From Net: NetName=NetC23_1 Pin=R31-1
Removed Pin From Net: NetName=NetC18_1 Pin=R31-2
Removed Pin From Net: NetName=5V0 Pin=R33-1
Removed Pin From Net: NetName=IF_90_2 Pin=R33-2
Removed Pin From Net: NetName=5V0 Pin=R34-1
Removed Pin From Net: NetName=IF_90_1 Pin=R34-2
Removed Pin From Net: NetName=NetC18_1 Pin=R38-1
Removed Pin From Net: NetName=NetQ1_8 Pin=R38-2
Removed Pin From Net: NetName=NetC24_1 Pin=R40-1
Removed Pin From Net: NetName=NetC20_1 Pin=R40-2
Removed Pin From Net: NetName=NetQ1_4 Pin=R42-1
Removed Pin From Net: NetName=NetC26_1 Pin=R42-2
Removed Pin From Net: NetName=NetC20_1 Pin=R45-1
Removed Pin From Net: NetName=NetQ2_8 Pin=R45-2
Removed Pin From Net: NetName=NetC30_1 Pin=R46-1
Removed Pin From Net: NetName=NetC26_1 Pin=R46-2
Removed Pin From Net: NetName=NetQ2_4 Pin=R53-1
Removed Pin From Net: NetName=NetC27_1 Pin=R53-2
Removed Pin From Net: NetName=NetC31_1 Pin=R59-1
Removed Pin From Net: NetName=NetC27_1 Pin=R59-2
Removed Pin From Net: NetName=GND Pin=R61-1
Removed Pin From Net: NetName=NetQ2_2 Pin=R61-2
Removed Member From Class: ClassName=M1 Design Member=R59
Removed Member From Class: ClassName=M1 Design Member=R61
Change Component Footprint: Designator=R24 Old Footprint=RESC1005X40X25LL05T10 New Footprint=RESC3116X65X40NL10T20
Change Component Footprint: Designator=R28 Old Footprint=RESC1005X40X25LL05T10 New Footprint=RESC3116X65X40NL10T20
Change Component Footprint: Designator=R30 Old Footprint=RESC1005X40X25LL05T10 New Footprint=RESC3116X65X40NL10T20
Change Component Footprint: Designator=R31 Old Footprint=RESC1005X40X25LL05T10 New Footprint=RESC3116X65X40NL10T20
Change Component Footprint: Designator=R33 Old Footprint=RESC1005X40X25LL05T10 New Footprint=RESC3116X65X40NL10T20
Change Component Footprint: Designator=R34 Old Footprint=RESC1005X40X25LL05T10 New Footprint=RESC3116X65X40NL10T20
Change Component Footprint: Designator=R35 Old Footprint=RESC1005X40X25LL05T10 New Footprint=RESC3116X65X40NL10T20
Change Component Footprint: Designator=R38 Old Footprint=RESC1005X40X25LL05T10 New Footprint=RESC3116X65X40NL10T20
Change Component Footprint: Designator=R40 Old Footprint=RESC1005X40X25LL05T10 New Footprint=RESC3116X65X40NL10T20
Change Component Footprint: Designator=R42 Old Footprint=RESC1005X40X25LL05T10 New Footprint=RESC3116X65X40NL10T20
Change Component Footprint: Designator=R43 Old Footprint=RESC1005X40X25LL05T10 New Footprint=RESC3116X65X40NL10T20
Change Component Footprint: Designator=R44 Old Footprint=RESC1005X40X25LL05T10 New Footprint=RESC3116X65X40NL10T20
Change Component Footprint: Designator=R45 Old Footprint=RESC1005X40X25LL05T10 New Footprint=RESC3116X65X40NL10T20
Change Component Footprint: Designator=R46 Old Footprint=RESC1005X40X25LL05T10 New Footprint=RESC3116X65X40NL10T20
Change Component Footprint: Designator=R49 Old Footprint=RESC1005X40X25LL05T10 New Footprint=RESC3116X65X40NL10T20
Change Component Footprint: Designator=R53 Old Footprint=RESC1005X40X25LL05T10 New Footprint=RESC3116X65X40NL10T20
Change Component Comment : Designator=R24 Old Comment=270 New Comment=RC1206FR-10270RL
Change Component Comment : Designator=R28 Old Comment=270 New Comment=RC1206FR-10270RL
Change Component Comment : Designator=R30 Old Comment=270 New Comment=RC1206FR-10270RL
Change Component Comment : Designator=R31 Old Comment=270 New Comment=RC1206FR-10270RL
Change Component Comment : Designator=R33 Old Comment=270 New Comment=RC1206FR-10270RL
Change Component Comment : Designator=R34 Old Comment=270 New Comment=RC1206FR-10270RL
Change Component Comment : Designator=R35 Old Comment=270 New Comment=RC1206FR-10270RL
Change Component Comment : Designator=R38 Old Comment=270 New Comment=RC1206FR-10270RL
Change Component Comment : Designator=R40 Old Comment=270 New Comment=RC1206FR-10270RL
Change Component Comment : Designator=R42 Old Comment=270 New Comment=RC1206FR-10270RL
Change Component Comment : Designator=R43 Old Comment=270 New Comment=RC1206FR-10270RL
Change Component Comment : Designator=R44 Old Comment=270 New Comment=RC1206FR-10270RL
Change Component Comment : Designator=R45 Old Comment=270 New Comment=RC1206FR-10270RL
Change Component Comment : Designator=R46 Old Comment=270 New Comment=RC1206FR-10270RL
Change Component Comment : Designator=R49 Old Comment=270 New Comment=RC1206FR-10270RL
Change Component Comment : Designator=R53 Old Comment=270 New Comment=RC1206FR-10270RL
Change Managed Component Library Link : Designator=R38 Old VaultGUID=B7D15EC3-160A-466F-A46C-7801FE6295A7 New VaultGUID=B7D15EC3-160A-466F-A46C-7801FE6295A7 Old ItemGUID=8E2EACB8-6917-49C8-BAA7-347922C0C58C New ItemGUID=9DF8F115-AF34-471C-99CD-BFE987A2265B Old RevisionGUID=DA66C922-4621-4140-868E-9A464D3AE5F8 New RevisionGUID=BBA2F9E5-FD14-41C3-88E4-0E2D9A98CCF2
Change Managed Component Library Link : Designator=R45 Old VaultGUID=B7D15EC3-160A-466F-A46C-7801FE6295A7 New VaultGUID=B7D15EC3-160A-466F-A46C-7801FE6295A7 Old ItemGUID=8E2EACB8-6917-49C8-BAA7-347922C0C58C New ItemGUID=9DF8F115-AF34-471C-99CD-BFE987A2265B Old RevisionGUID=DA66C922-4621-4140-868E-9A464D3AE5F8 New RevisionGUID=BBA2F9E5-FD14-41C3-88E4-0E2D9A98CCF2
Change component parameters: Designator = "R38" ("R38"); Footprint = "RESC1005X40X25LL05T10"; UniqueID = "\AYCNASPL" ("\AYCNASPL")
Change component parameters (AddParameter): Name = "Manufacturer"; Value = "Yageo"; VariantName = "[No Variations]"
Change component parameters (AddParameter): Name = "Part Number"; Value = "RC1206FR-10270RL"; VariantName = "[No Variations]"
Change component parameters: Designator = "R45" ("R45"); Footprint = "RESC1005X40X25LL05T10"; UniqueID = "\KWSJZZLV" ("\KWSJZZLV")
Change component parameters (AddParameter): Name = "Manufacturer"; Value = "Yageo"; VariantName = "[No Variations]"
Change component parameters (AddParameter): Name = "Part Number"; Value = "RC1206FR-10270RL"; VariantName = "[No Variations]"
Added Component: Designator=R56(RESC3116X65X40NL10T20)
Add component (AddParameter): Name = "Manufacturer"; Value = "Yageo"; VariantName = "[No Variations]"
Add component (AddParameter): Name = "Part Number"; Value = "RC1206FR-10270RL"; VariantName = "[No Variations]"
Added Component: Designator=R57(RESC3116X65X40NL10T20)
Add component (AddParameter): Name = "Manufacturer"; Value = "Yageo"; VariantName = "[No Variations]"
Add component (AddParameter): Name = "Part Number"; Value = "RC1206FR-10270RL"; VariantName = "[No Variations]"
Added Pin To Net: NetName=IF_0_2 Pin=R24-1
Added Pin To Net: NetName=5V0 Pin=R24-2
Added Pin To Net: NetName=IF_0_1 Pin=R28-1
Added Pin To Net: NetName=5V0 Pin=R28-2
Added Pin To Net: NetName=NetC18_1 Pin=R31-1
Added Pin To Net: NetName=NetC23_1 Pin=R31-2
Added Pin To Net: NetName=IF_90_2 Pin=R33-1
Added Pin To Net: NetName=5V0 Pin=R33-2
Added Pin To Net: NetName=IF_90_1 Pin=R34-1
Added Pin To Net: NetName=5V0 Pin=R34-2
Added Pin To Net: NetName=NetQ1_8 Pin=R38-1
Added Pin To Net: NetName=NetC18_1 Pin=R38-2
Added Pin To Net: NetName=NetC20_1 Pin=R40-1
Added Pin To Net: NetName=NetC24_1 Pin=R40-2
Added Pin To Net: NetName=NetC26_1 Pin=R42-1
Added Pin To Net: NetName=NetQ1_4 Pin=R42-2
Added Pin To Net: NetName=NetQ2_8 Pin=R45-1
Added Pin To Net: NetName=NetC20_1 Pin=R45-2
Added Pin To Net: NetName=NetC26_1 Pin=R46-1
Added Pin To Net: NetName=NetC30_1 Pin=R46-2
Added Pin To Net: NetName=NetC27_1 Pin=R53-1
Added Pin To Net: NetName=NetQ2_4 Pin=R53-2
Added Pin To Net: NetName=NetC27_1 Pin=R56-1
Added Pin To Net: NetName=NetC31_1 Pin=R56-2
Added Pin To Net: NetName=GND Pin=R57-1
Added Pin To Net: NetName=NetQ2_2 Pin=R57-2
Added Member To Class: ClassName=M1 Design Member=Component R56 RC1206FR-10270RL
Added Member To Class: ClassName=M1 Design Member=Component R57 RC1206FR-10270RL
