Change Component Footprint: Designator=C18 Old Footprint=FP-C0805C104M5UACTU-MFG New Footprint=CAP_04023U0R2BAT2A
Change Component Footprint: Designator=C21 Old Footprint=FP-C0805C104M5UACTU-MFG New Footprint=CAP_04023U0R2BAT2A
Change Component Footprint: Designator=C22 Old Footprint=FP-C0805C104M5UACTU-MFG New Footprint=CAP_04023U0R2BAT2A
Change Component Footprint: Designator=C23 Old Footprint=FP-C0805C104M5UACTU-MFG New Footprint=CAP_04023U0R2BAT2A
Change Component Footprint: Designator=C24 Old Footprint=FP-C0805C104M5UACTU-MFG New Footprint=CAP_04023U0R2BAT2A
Change Component Footprint: Designator=C26 Old Footprint=FP-C0805C104M5UACTU-MFG New Footprint=CAP_04023U0R2BAT2A
Change Component Footprint: Designator=C27 Old Footprint=FP-C0805C104M5UACTU-MFG New Footprint=CAP_04023U0R2BAT2A
Change Component Footprint: Designator=C30 Old Footprint=FP-C0805C104M5UACTU-MFG New Footprint=CAP_04023U0R2BAT2A
Change Component Footprint: Designator=C31 Old Footprint=FP-C0805C104M5UACTU-MFG New Footprint=CAP_04023U0R2BAT2A
Change Component Comment : Designator=C18 Old Comment=C0805C104M5UACTU New Comment=04023U3R9BAT2A
Change Component Comment : Designator=C21 Old Comment=C0805C104M5UACTU New Comment=04023U3R9BAT2A
Change Component Comment : Designator=C22 Old Comment=C0805C104M5UACTU New Comment=04023U3R9BAT2A
Change Component Comment : Designator=C23 Old Comment=C0805C104M5UACTU New Comment=04023U3R9BAT2A
Change Component Comment : Designator=C24 Old Comment=C0805C104M5UACTU New Comment=04023U3R9BAT2A
Change Component Comment : Designator=C26 Old Comment=C0805C104M5UACTU New Comment=04023U3R9BAT2A
Change Component Comment : Designator=C27 Old Comment=C0805C104M5UACTU New Comment=04023U3R9BAT2A
Change Component Comment : Designator=C30 Old Comment=C0805C104M5UACTU New Comment=04023U3R9BAT2A
Change Component Comment : Designator=C31 Old Comment=C0805C104M5UACTU New Comment=04023U3R9BAT2A
Change Managed Component Library Link : Designator=C18 Old VaultGUID=B7D15EC3-160A-466F-A46C-7801FE6295A7 New VaultGUID= Old ItemGUID=625D31EF-F004-4505-998C-EF8BC3795A78 New ItemGUID= Old RevisionGUID=D0F42E28-812B-4E0A-BDA7-024E6D4DB94B New RevisionGUID=
Change Managed Component Library Link : Designator=C21 Old VaultGUID=B7D15EC3-160A-466F-A46C-7801FE6295A7 New VaultGUID= Old ItemGUID=625D31EF-F004-4505-998C-EF8BC3795A78 New ItemGUID= Old RevisionGUID=D0F42E28-812B-4E0A-BDA7-024E6D4DB94B New RevisionGUID=
Change Managed Component Library Link : Designator=C22 Old VaultGUID=B7D15EC3-160A-466F-A46C-7801FE6295A7 New VaultGUID= Old ItemGUID=625D31EF-F004-4505-998C-EF8BC3795A78 New ItemGUID= Old RevisionGUID=D0F42E28-812B-4E0A-BDA7-024E6D4DB94B New RevisionGUID=
Change Managed Component Library Link : Designator=C23 Old VaultGUID=B7D15EC3-160A-466F-A46C-7801FE6295A7 New VaultGUID= Old ItemGUID=625D31EF-F004-4505-998C-EF8BC3795A78 New ItemGUID= Old RevisionGUID=D0F42E28-812B-4E0A-BDA7-024E6D4DB94B New RevisionGUID=
Change Managed Component Library Link : Designator=C24 Old VaultGUID=B7D15EC3-160A-466F-A46C-7801FE6295A7 New VaultGUID= Old ItemGUID=625D31EF-F004-4505-998C-EF8BC3795A78 New ItemGUID= Old RevisionGUID=D0F42E28-812B-4E0A-BDA7-024E6D4DB94B New RevisionGUID=
Change Managed Component Library Link : Designator=C26 Old VaultGUID=B7D15EC3-160A-466F-A46C-7801FE6295A7 New VaultGUID= Old ItemGUID=625D31EF-F004-4505-998C-EF8BC3795A78 New ItemGUID= Old RevisionGUID=D0F42E28-812B-4E0A-BDA7-024E6D4DB94B New RevisionGUID=
Change Managed Component Library Link : Designator=C27 Old VaultGUID=B7D15EC3-160A-466F-A46C-7801FE6295A7 New VaultGUID= Old ItemGUID=625D31EF-F004-4505-998C-EF8BC3795A78 New ItemGUID= Old RevisionGUID=D0F42E28-812B-4E0A-BDA7-024E6D4DB94B New RevisionGUID=
Change Managed Component Library Link : Designator=C30 Old VaultGUID=B7D15EC3-160A-466F-A46C-7801FE6295A7 New VaultGUID= Old ItemGUID=625D31EF-F004-4505-998C-EF8BC3795A78 New ItemGUID= Old RevisionGUID=D0F42E28-812B-4E0A-BDA7-024E6D4DB94B New RevisionGUID=
Change Managed Component Library Link : Designator=C31 Old VaultGUID=B7D15EC3-160A-466F-A46C-7801FE6295A7 New VaultGUID= Old ItemGUID=625D31EF-F004-4505-998C-EF8BC3795A78 New ItemGUID= Old RevisionGUID=D0F42E28-812B-4E0A-BDA7-024E6D4DB94B New RevisionGUID=
Change component parameters: Designator = "C18" ("C18"); Footprint = "FP-C0805C104M5UACTU-MFG"; UniqueID = "\GEJKTCDK" ("\GEJKTCDK")
Change component parameters (AddParameter): Name = "Mfr_Name"; Value = "KYOCERA AVX"; VariantName = "[No Variations]"
Change component parameters (AddParameter): Name = "RefDes"; Value = ""; VariantName = "[No Variations]"
Change component parameters (AddParameter): Name = "Type"; Value = ""; VariantName = "[No Variations]"
Change component parameters: Designator = "C21" ("C21"); Footprint = "FP-C0805C104M5UACTU-MFG"; UniqueID = "\QQEUUTJF" ("\QQEUUTJF")
Change component parameters (AddParameter): Name = "Mfr_Name"; Value = "KYOCERA AVX"; VariantName = "[No Variations]"
Change component parameters (AddParameter): Name = "RefDes"; Value = ""; VariantName = "[No Variations]"
Change component parameters (AddParameter): Name = "Type"; Value = ""; VariantName = "[No Variations]"
Change component parameters: Designator = "C22" ("C22"); Footprint = "FP-C0805C104M5UACTU-MFG"; UniqueID = "\DOYONFCH" ("\DOYONFCH")
Change component parameters (AddParameter): Name = "Mfr_Name"; Value = "KYOCERA AVX"; VariantName = "[No Variations]"
Change component parameters (AddParameter): Name = "RefDes"; Value = ""; VariantName = "[No Variations]"
Change component parameters (AddParameter): Name = "Type"; Value = ""; VariantName = "[No Variations]"
Change component parameters: Designator = "C23" ("C23"); Footprint = "FP-C0805C104M5UACTU-MFG"; UniqueID = "\QATOBOWB" ("\QATOBOWB")
Change component parameters (AddParameter): Name = "Mfr_Name"; Value = "KYOCERA AVX"; VariantName = "[No Variations]"
Change component parameters (AddParameter): Name = "RefDes"; Value = ""; VariantName = "[No Variations]"
Change component parameters (AddParameter): Name = "Type"; Value = ""; VariantName = "[No Variations]"
Change component parameters: Designator = "C24" ("C24"); Footprint = "FP-C0805C104M5UACTU-MFG"; UniqueID = "\QVEKUIPM" ("\QVEKUIPM")
Change component parameters (AddParameter): Name = "Mfr_Name"; Value = "KYOCERA AVX"; VariantName = "[No Variations]"
Change component parameters (AddParameter): Name = "RefDes"; Value = ""; VariantName = "[No Variations]"
Change component parameters (AddParameter): Name = "Type"; Value = ""; VariantName = "[No Variations]"
Change component parameters: Designator = "C26" ("C26"); Footprint = "FP-C0805C104M5UACTU-MFG"; UniqueID = "\MCRWTRPZ" ("\MCRWTRPZ")
Change component parameters (AddParameter): Name = "Mfr_Name"; Value = "KYOCERA AVX"; VariantName = "[No Variations]"
Change component parameters (AddParameter): Name = "RefDes"; Value = ""; VariantName = "[No Variations]"
Change component parameters (AddParameter): Name = "Type"; Value = ""; VariantName = "[No Variations]"
Change component parameters: Designator = "C27" ("C27"); Footprint = "FP-C0805C104M5UACTU-MFG"; UniqueID = "\JHCXAHMT" ("\JHCXAHMT")
Change component parameters (AddParameter): Name = "Mfr_Name"; Value = "KYOCERA AVX"; VariantName = "[No Variations]"
Change component parameters (AddParameter): Name = "RefDes"; Value = ""; VariantName = "[No Variations]"
Change component parameters (AddParameter): Name = "Type"; Value = ""; VariantName = "[No Variations]"
Change component parameters: Designator = "C30" ("C30"); Footprint = "FP-C0805C104M5UACTU-MFG"; UniqueID = "\STROEIGR" ("\STROEIGR")
Change component parameters (AddParameter): Name = "Mfr_Name"; Value = "KYOCERA AVX"; VariantName = "[No Variations]"
Change component parameters (AddParameter): Name = "RefDes"; Value = ""; VariantName = "[No Variations]"
Change component parameters (AddParameter): Name = "Type"; Value = ""; VariantName = "[No Variations]"
Change component parameters: Designator = "C31" ("C31"); Footprint = "FP-C0805C104M5UACTU-MFG"; UniqueID = "\WREDIIGD" ("\WREDIIGD")
Change component parameters (AddParameter): Name = "Mfr_Name"; Value = "KYOCERA AVX"; VariantName = "[No Variations]"
Change component parameters (AddParameter): Name = "RefDes"; Value = ""; VariantName = "[No Variations]"
Change component parameters (AddParameter): Name = "Type"; Value = ""; VariantName = "[No Variations]"
Added Pin To Net: NetName=RX_BPF Pin=C21-1
Added Pin To Net: NetName=NetC18_1 Pin=C21-2
Added Pin To Net: NetName=RX_BPF Pin=C22-1
Added Pin To Net: NetName=NetC20_1 Pin=C22-2
Added Pin To Net: NetName=GND Pin=C23-1
Added Pin To Net: NetName=NetC23_2 Pin=C23-2
Added Pin To Net: NetName=GND Pin=C24-1
Added Pin To Net: NetName=NetC24_2 Pin=C24-2
Added Pin To Net: NetName=L0_F1_0 Pin=C30-1
Added Pin To Net: NetName=NetC30_2 Pin=C30-2
Added Pin To Net: NetName=L0_F1_90 Pin=C31-1
Added Pin To Net: NetName=NetC31_2 Pin=C31-2
